<?xml version="1.0" encoding="UTF-8"?>
<!-- Generated by org.testng.reporters.JUnitXMLReporter -->
<testsuite hostname="DESKTOP-KBPQ0KS" ignored="3" name="Test" tests="2" failures="0" timestamp="2021-11-17T17:43:38 IST" time="0.1" errors="0">
  <testcase name="mobilelogin" time="0.016" classname="testng.MobileApplication"/>
  <testcase name="weblogin" time="0.004" classname="testng.WebApplication"/>
  <testcase name="sendmobilerequest" time="0.0" classname="testng.MobileApplication">
    <ignored/>
  </testcase> <!-- sendmobilerequest -->
  <testcase name="validateloginpage" time="0.0" classname="testng.Validate">
    <ignored/>
  </testcase> <!-- validateloginpage -->
  <testcase name="sendrequest" time="0.0" classname="testng.WebApplication">
    <ignored/>
  </testcase> <!-- sendrequest -->
</testsuite> <!-- Test -->
